[18:24:37] [Client thread/INFO]: Setting user: Player328
[18:24:40] [Client thread/INFO]: LWJGL Version: 2.9.1
[18:24:44] [Client thread/INFO]: Reloading ResourceManager: Default, FMLFileResourcePack:Forge Mod Loader, FMLFileResourcePack:Minecraft Forge, FMLFileResourcePack:Example Mod
[18:24:44] [Sound Library Loader/INFO]: Starting up SoundSystem...
[18:24:45] [Thread-7/INFO]: Initializing LWJGL OpenAL
[18:24:45] [Thread-7/INFO]: (The LWJGL binding of OpenAL.  For more information, see http://www.lwjgl.org)
[18:24:45] [Thread-7/INFO]: OpenAL initialized.
[18:24:45] [Sound Library Loader/INFO]: Sound engine started
[18:24:48] [Client thread/INFO]: Created: 512x512 textures-atlas
[18:24:49] [Client thread/INFO]: Reloading ResourceManager: Default, FMLFileResourcePack:Forge Mod Loader, FMLFileResourcePack:Minecraft Forge, FMLFileResourcePack:Example Mod
[18:24:49] [Client thread/INFO]: SoundSystem shutting down...
[18:24:49] [Client thread/WARN]: Author: Paul Lamb, www.paulscode.com
[18:24:49] [Sound Library Loader/INFO]: Starting up SoundSystem...
[18:24:49] [Thread-9/INFO]: Initializing LWJGL OpenAL
[18:24:49] [Thread-9/INFO]: (The LWJGL binding of OpenAL.  For more information, see http://www.lwjgl.org)
[18:24:49] [Thread-9/INFO]: OpenAL initialized.
[18:24:50] [Sound Library Loader/INFO]: Sound engine started
[18:24:52] [Client thread/INFO]: Created: 512x512 textures-atlas
[18:24:55] [Server thread/INFO]: Starting integrated minecraft server version 1.8
[18:24:55] [Server thread/INFO]: Generating keypair
[18:24:56] [Server thread/INFO]: Preparing start region for level 0
[18:24:57] [Server thread/INFO]: Preparing spawn area: 44%
[18:24:59] [Server thread/INFO]: Changing view distance to 8, from 10
[18:24:59] [Server thread/INFO]: Player328[local:E:8ea07cd3] logged in with entity id 743 at (-145.43703702733228, 64.0, 188.86998820727737)
[18:24:59] [Server thread/INFO]: Player328 joined the game
[18:25:01] [Server thread/WARN]: Can't keep up! Did the system time change, or is the server overloaded? Running 2027ms behind, skipping 40 tick(s)
[18:25:18] [Server thread/WARN]: Can't keep up! Did the system time change, or is the server overloaded? Running 2824ms behind, skipping 56 tick(s)
[18:26:30] [Server thread/WARN]: Can't keep up! Did the system time change, or is the server overloaded? Running 2194ms behind, skipping 43 tick(s)
[18:27:45] [Server thread/INFO]: Player328 blew up
[18:27:45] [Client thread/INFO]: [CHAT] Player328 blew up
[18:27:50] [Server thread/INFO]: Saving and pausing game...
[18:27:50] [Server thread/INFO]: Saving chunks for level 'New World'/Overworld
[18:27:50] [Server thread/INFO]: Saving chunks for level 'New World'/Nether
[18:27:50] [Server thread/INFO]: Saving chunks for level 'New World'/The End
[18:27:52] [Client thread/INFO]: Stopping!
[18:27:52] [Client thread/INFO]: SoundSystem shutting down...
[18:27:52] [Server thread/INFO]: Stopping server
[18:27:52] [Server thread/INFO]: Saving players
[18:27:52] [Server thread/INFO]: Saving worlds
[18:27:52] [Server thread/INFO]: Saving chunks for level 'New World'/Overworld
[18:27:52] [Server thread/INFO]: Saving chunks for level 'New World'/Nether
[18:27:52] [Server thread/INFO]: Saving chunks for level 'New World'/The End
[18:27:52] [Client thread/WARN]: Author: Paul Lamb, www.paulscode.com
[18:27:52] [Client Shutdown Thread/INFO]: Stopping server
[18:27:52] [Client Shutdown Thread/INFO]: Saving players
[18:27:52] [Client Shutdown Thread/INFO]: Saving worlds
[18:27:52] [Client Shutdown Thread/INFO]: Saving chunks for level 'New World'/Overworld
